# JRE version: OpenJDK Runtime Environment (11.0.15) (build 11.0.15+0-b2043.56-9505619)
# Java VM: OpenJDK 64-Bit Server VM (11.0.15+0-b2043.56-9505619, mixed mode, tiered, compressed oops, g1 gc, windows-amd64)
Heap:
 garbage-first heap   total 417792K, used 203581K [0x0000000080000000, 0x0000000100000000)
  region size 1024K, 17 young (17408K), 1 survivors (1024K)
 Metaspace       used 121402K, capacity 124529K, committed 125264K, reserved 1157120K
  class space    used 15381K, capacity 16584K, committed 16920K, reserved 1048576K
GC Heap History (20 events):
Event: 30.660 GC heap before
{Heap before GC invocations=23 (full 0):
 garbage-first heap   total 260096K, used 202031K [0x0000000080000000, 0x0000000100000000)
  region size 1024K, 67 young (68608K), 2 survivors (2048K)
 Metaspace       used 112339K, capacity 115280K, committed 115536K, reserved 1148928K
  class space    used 14214K, capacity 15336K, committed 15384K, reserved 1048576K
}
Event: 30.686 GC heap after
{Heap after GC invocations=24 (full 0):
 garbage-first heap   total 260096K, used 147640K [0x0000000080000000, 0x0000000100000000)
  region size 1024K, 9 young (9216K), 9 survivors (9216K)
 Metaspace       used 112339K, capacity 115280K, committed 115536K, reserved 1148928K
  class space    used 14214K, capacity 15336K, committed 15384K, reserved 1048576K
}
Event: 31.381 GC heap before
{Heap before GC invocations=25 (full 0):
 garbage-first heap   total 260096K, used 204984K [0x0000000080000000, 0x0000000100000000)
  region size 1024K, 65 young (66560K), 9 survivors (9216K)
 Metaspace       used 113816K, capacity 116675K, committed 117072K, reserved 1150976K
  class space    used 14418K, capacity 15507K, committed 15640K, reserved 1048576K
}
Event: 31.421 GC heap after
{Heap after GC invocations=26 (full 0):
 garbage-first heap   total 260096K, used 157495K [0x0000000080000000, 0x0000000100000000)
  region size 1024K, 9 young (9216K), 9 survivors (9216K)
 Metaspace       used 113816K, capacity 116675K, committed 117072K, reserved 1150976K
  class space    used 14418K, capacity 15507K, committed 15640K, reserved 1048576K
}
Event: 31.441 GC heap before
{Heap before GC invocations=26 (full 0):
 garbage-first heap   total 260096K, used 160567K [0x0000000080000000, 0x0000000100000000)
  region size 1024K, 12 young (12288K), 9 survivors (9216K)
 Metaspace       used 113888K, capacity 116739K, committed 117072K, reserved 1150976K
  class space    used 14421K, capacity 15507K, committed 15640K, reserved 1048576K
}
Event: 31.467 GC heap after
{Heap after GC invocations=27 (full 0):
 garbage-first heap   total 260096K, used 156482K [0x0000000080000000, 0x0000000100000000)
  region size 1024K, 2 young (2048K), 2 survivors (2048K)
 Metaspace       used 113888K, capacity 116739K, committed 117072K, reserved 1150976K
  class space    used 14421K, capacity 15507K, committed 15640K, reserved 1048576K
}
Event: 31.787 GC heap before
{Heap before GC invocations=27 (full 0):
 garbage-first heap   total 260096K, used 207682K [0x0000000080000000, 0x0000000100000000)
  region size 1024K, 52 young (53248K), 2 survivors (2048K)
 Metaspace       used 115759K, capacity 118819K, committed 118992K, reserved 1153024K
  class space    used 14716K, capacity 15925K, committed 16024K, reserved 1048576K
}
Event: 31.803 GC heap after
{Heap after GC invocations=28 (full 0):
 garbage-first heap   total 260096K, used 164320K [0x0000000080000000, 0x0000000100000000)
  region size 1024K, 7 young (7168K), 7 survivors (7168K)
 Metaspace       used 115759K, capacity 118819K, committed 118992K, reserved 1153024K
  class space    used 14716K, capacity 15925K, committed 16024K, reserved 1048576K
}
Event: 31.983 GC heap before
{Heap before GC invocations=28 (full 0):
 garbage-first heap   total 260096K, used 211424K [0x0000000080000000, 0x0000000100000000)
  region size 1024K, 53 young (54272K), 7 survivors (7168K)
 Metaspace       used 115952K, capacity 118988K, committed 119248K, reserved 1153024K
  class space    used 14744K, capacity 15960K, committed 16024K, reserved 1048576K
}
Event: 32.011 GC heap after
{Heap after GC invocations=29 (full 0):
 garbage-first heap   total 260096K, used 172026K [0x0000000080000000, 0x0000000100000000)
  region size 1024K, 7 young (7168K), 7 survivors (7168K)
 Metaspace       used 115952K, capacity 118988K, committed 119248K, reserved 1153024K
  class space    used 14744K, capacity 15960K, committed 16024K, reserved 1048576K
}
Event: 32.174 GC heap before
{Heap before GC invocations=29 (full 0):
 garbage-first heap   total 260096K, used 215034K [0x0000000080000000, 0x0000000100000000)
  region size 1024K, 49 young (50176K), 7 survivors (7168K)
 Metaspace       used 116556K, capacity 119672K, committed 119888K, reserved 1153024K
  class space    used 14852K, capacity 16082K, committed 16152K, reserved 1048576K
}
Event: 32.197 GC heap after
{Heap after GC invocations=30 (full 0):
 garbage-first heap   total 314368K, used 179505K [0x0000000080000000, 0x0000000100000000)
  region size 1024K, 7 young (7168K), 7 survivors (7168K)
 Metaspace       used 116556K, capacity 119672K, committed 119888K, reserved 1153024K
  class space    used 14852K, capacity 16082K, committed 16152K, reserved 1048576K
}
Event: 32.993 GC heap before
{Heap before GC invocations=31 (full 0):
 garbage-first heap   total 314368K, used 246065K [0x0000000080000000, 0x0000000100000000)
  region size 1024K, 72 young (73728K), 7 survivors (7168K)
 Metaspace       used 119714K, capacity 122943K, committed 123216K, reserved 1157120K
  class space    used 15363K, capacity 16640K, committed 16664K, reserved 1048576K
}
Event: 33.019 GC heap after
{Heap after GC invocations=32 (full 0):
 garbage-first heap   total 314368K, used 189283K [0x0000000080000000, 0x0000000100000000)
  region size 1024K, 9 young (9216K), 9 survivors (9216K)
 Metaspace       used 119714K, capacity 122943K, committed 123216K, reserved 1157120K
  class space    used 15363K, capacity 16640K, committed 16664K, reserved 1048576K
}
Event: 33.147 GC heap before
{Heap before GC invocations=32 (full 0):
 garbage-first heap   total 314368K, used 195427K [0x0000000080000000, 0x0000000100000000)
  region size 1024K, 15 young (15360K), 9 survivors (9216K)
 Metaspace       used 119863K, capacity 123059K, committed 123344K, reserved 1157120K
  class space    used 15385K, capacity 16677K, committed 16792K, reserved 1048576K
}
Event: 33.167 GC heap after
{Heap after GC invocations=33 (full 0):
 garbage-first heap   total 314368K, used 188896K [0x0000000080000000, 0x0000000100000000)
  region size 1024K, 2 young (2048K), 2 survivors (2048K)
 Metaspace       used 119863K, capacity 123059K, committed 123344K, reserved 1157120K
  class space    used 15385K, capacity 16677K, committed 16792K, reserved 1048576K
}
Event: 34.110 GC heap before
{Heap before GC invocations=33 (full 0):
 garbage-first heap   total 314368K, used 251360K [0x0000000080000000, 0x0000000100000000)
  region size 1024K, 63 young (64512K), 2 survivors (2048K)
 Metaspace       used 121099K, capacity 124379K, committed 124624K, reserved 1157120K
  class space    used 15467K, capacity 16764K, committed 16792K, reserved 1048576K
}
Event: 34.119 GC heap after
{Heap after GC invocations=34 (full 0):
 garbage-first heap   total 314368K, used 187985K [0x0000000080000000, 0x0000000100000000)
  region size 1024K, 1 young (1024K), 1 survivors (1024K)
 Metaspace       used 121099K, capacity 124379K, committed 124624K, reserved 1157120K
  class space    used 15467K, capacity 16764K, committed 16792K, reserved 1048576K
}
Event: 35.335 GC heap before
{Heap before GC invocations=35 (full 0):
 garbage-first heap   total 314368K, used 254545K [0x0000000080000000, 0x0000000100000000)
  region size 1024K, 66 young (67584K), 1 survivors (1024K)
 Metaspace       used 121382K, capacity 124529K, committed 125264K, reserved 1157120K
  class space    used 15381K, capacity 16584K, committed 16920K, reserved 1048576K
}
Event: 35.344 GC heap after
{Heap after GC invocations=36 (full 0):
 garbage-first heap   total 417792K, used 188221K [0x0000000080000000, 0x0000000100000000)
  region size 1024K, 1 young (1024K), 1 survivors (1024K)
 Metaspace       used 121382K, capacity 124529K, committed 125264K, reserved 1157120K
  class space    used 15381K, capacity 16584K, committed 16920K, reserved 1048576K
}

