# JRE version: OpenJDK Runtime Environment (11.0.15) (build 11.0.15+0-b2043.56-9505619)
# Java VM: OpenJDK 64-Bit Server VM (11.0.15+0-b2043.56-9505619, mixed mode, tiered, compressed oops, g1 gc, windows-amd64)
Heap:
 garbage-first heap   total 260096K, used 211414K [0x0000000080000000, 0x0000000100000000)
  region size 1024K, 6 young (6144K), 2 survivors (2048K)
 Metaspace       used 116385K, capacity 119752K, committed 119844K, reserved 1153024K
  class space    used 14641K, capacity 15858K, committed 15872K, reserved 1048576K
GC Heap History (20 events):
Event: 26.826 GC heap before
{Heap before GC invocations=29 (full 0):
 garbage-first heap   total 260096K, used 224144K [0x0000000080000000, 0x0000000100000000)
  region size 1024K, 40 young (40960K), 6 survivors (6144K)
 Metaspace       used 105537K, capacity 108381K, committed 109604K, reserved 1144832K
  class space    used 13474K, capacity 14516K, committed 14848K, reserved 1048576K
}
Event: 26.838 GC heap after
{Heap after GC invocations=30 (full 0):
 garbage-first heap   total 260096K, used 190682K [0x0000000080000000, 0x0000000100000000)
  region size 1024K, 3 young (3072K), 3 survivors (3072K)
 Metaspace       used 105537K, capacity 108381K, committed 109604K, reserved 1144832K
  class space    used 13474K, capacity 14516K, committed 14848K, reserved 1048576K
}
Event: 27.385 GC heap before
{Heap before GC invocations=30 (full 0):
 garbage-first heap   total 260096K, used 226522K [0x0000000080000000, 0x0000000100000000)
  region size 1024K, 38 young (38912K), 3 survivors (3072K)
 Metaspace       used 108070K, capacity 110941K, committed 112036K, reserved 1146880K
  class space    used 13768K, capacity 14836K, committed 15232K, reserved 1048576K
}
Event: 27.399 GC heap after
{Heap after GC invocations=31 (full 0):
 garbage-first heap   total 260096K, used 192690K [0x0000000080000000, 0x0000000100000000)
  region size 1024K, 3 young (3072K), 3 survivors (3072K)
 Metaspace       used 108070K, capacity 110941K, committed 112036K, reserved 1146880K
  class space    used 13768K, capacity 14836K, committed 15232K, reserved 1048576K
}
Event: 28.146 GC heap before
{Heap before GC invocations=32 (full 0):
 garbage-first heap   total 260096K, used 225458K [0x0000000080000000, 0x0000000100000000)
  region size 1024K, 36 young (36864K), 3 survivors (3072K)
 Metaspace       used 110975K, capacity 114012K, committed 114596K, reserved 1148928K
  class space    used 14106K, capacity 15212K, committed 15488K, reserved 1048576K
}
Event: 28.156 GC heap after
{Heap after GC invocations=33 (full 0):
 garbage-first heap   total 260096K, used 194782K [0x0000000080000000, 0x0000000100000000)
  region size 1024K, 5 young (5120K), 5 survivors (5120K)
 Metaspace       used 110975K, capacity 114012K, committed 114596K, reserved 1148928K
  class space    used 14106K, capacity 15212K, committed 15488K, reserved 1048576K
}
Event: 57.703 GC heap before
{Heap before GC invocations=33 (full 0):
 garbage-first heap   total 260096K, used 225502K [0x0000000080000000, 0x0000000100000000)
  region size 1024K, 36 young (36864K), 5 survivors (5120K)
 Metaspace       used 113506K, capacity 116611K, committed 117028K, reserved 1150976K
  class space    used 14276K, capacity 15403K, committed 15616K, reserved 1048576K
}
Event: 57.720 GC heap after
{Heap after GC invocations=34 (full 0):
 garbage-first heap   total 260096K, used 196901K [0x0000000080000000, 0x0000000100000000)
  region size 1024K, 5 young (5120K), 5 survivors (5120K)
 Metaspace       used 113506K, capacity 116611K, committed 117028K, reserved 1150976K
  class space    used 14276K, capacity 15403K, committed 15616K, reserved 1048576K
}
Event: 58.502 GC heap before
{Heap before GC invocations=35 (full 0):
 garbage-first heap   total 260096K, used 226597K [0x0000000080000000, 0x0000000100000000)
  region size 1024K, 34 young (34816K), 5 survivors (5120K)
 Metaspace       used 114472K, capacity 117651K, committed 117924K, reserved 1150976K
  class space    used 14363K, capacity 15506K, committed 15744K, reserved 1048576K
}
Event: 58.516 GC heap after
{Heap after GC invocations=36 (full 0):
 garbage-first heap   total 260096K, used 200704K [0x0000000080000000, 0x0000000100000000)
  region size 1024K, 5 young (5120K), 5 survivors (5120K)
 Metaspace       used 114472K, capacity 117651K, committed 117924K, reserved 1150976K
  class space    used 14363K, capacity 15506K, committed 15744K, reserved 1048576K
}
Event: 58.846 GC heap before
{Heap before GC invocations=36 (full 0):
 garbage-first heap   total 260096K, used 226304K [0x0000000080000000, 0x0000000100000000)
  region size 1024K, 30 young (30720K), 5 survivors (5120K)
 Metaspace       used 115117K, capacity 118262K, committed 118436K, reserved 1153024K
  class space    used 14439K, capacity 15575K, committed 15744K, reserved 1048576K
}
Event: 58.870 GC heap after
{Heap after GC invocations=37 (full 0):
 garbage-first heap   total 260096K, used 203788K [0x0000000080000000, 0x0000000100000000)
  region size 1024K, 3 young (3072K), 3 survivors (3072K)
 Metaspace       used 115117K, capacity 118262K, committed 118436K, reserved 1153024K
  class space    used 14439K, capacity 15575K, committed 15744K, reserved 1048576K
}
Event: 59.165 GC heap before
{Heap before GC invocations=37 (full 0):
 garbage-first heap   total 260096K, used 226316K [0x0000000080000000, 0x0000000100000000)
  region size 1024K, 25 young (25600K), 3 survivors (3072K)
 Metaspace       used 115159K, capacity 118405K, committed 118692K, reserved 1153024K
  class space    used 14442K, capacity 15578K, committed 15744K, reserved 1048576K
}
Event: 59.175 GC heap after
{Heap after GC invocations=38 (full 0):
 garbage-first heap   total 260096K, used 207226K [0x0000000080000000, 0x0000000100000000)
  region size 1024K, 4 young (4096K), 4 survivors (4096K)
 Metaspace       used 115159K, capacity 118405K, committed 118692K, reserved 1153024K
  class space    used 14442K, capacity 15578K, committed 15744K, reserved 1048576K
}
Event: 59.406 GC heap before
{Heap before GC invocations=39 (full 0):
 garbage-first heap   total 260096K, used 225658K [0x0000000080000000, 0x0000000100000000)
  region size 1024K, 23 young (23552K), 4 survivors (4096K)
 Metaspace       used 115379K, capacity 118525K, committed 118692K, reserved 1153024K
  class space    used 14473K, capacity 15615K, committed 15744K, reserved 1048576K
}
Event: 59.421 GC heap after
{Heap after GC invocations=40 (full 0):
 garbage-first heap   total 260096K, used 210131K [0x0000000080000000, 0x0000000100000000)
  region size 1024K, 3 young (3072K), 3 survivors (3072K)
 Metaspace       used 115379K, capacity 118525K, committed 118692K, reserved 1153024K
  class space    used 14473K, capacity 15615K, committed 15744K, reserved 1048576K
}
Event: 59.602 GC heap before
{Heap before GC invocations=40 (full 0):
 garbage-first heap   total 260096K, used 219347K [0x0000000080000000, 0x0000000100000000)
  region size 1024K, 12 young (12288K), 3 survivors (3072K)
 Metaspace       used 115814K, capacity 119079K, committed 119332K, reserved 1153024K
  class space    used 14547K, capacity 15686K, committed 15872K, reserved 1048576K
}
Event: 59.616 GC heap after
{Heap after GC invocations=41 (full 0):
 garbage-first heap   total 260096K, used 209115K [0x0000000080000000, 0x0000000100000000)
  region size 1024K, 2 young (2048K), 2 survivors (2048K)
 Metaspace       used 115814K, capacity 119079K, committed 119332K, reserved 1153024K
  class space    used 14547K, capacity 15686K, committed 15872K, reserved 1048576K
}
Event: 59.940 GC heap before
{Heap before GC invocations=41 (full 0):
 garbage-first heap   total 260096K, used 225499K [0x0000000080000000, 0x0000000100000000)
  region size 1024K, 19 young (19456K), 2 survivors (2048K)
 Metaspace       used 116312K, capacity 119663K, committed 119844K, reserved 1153024K
  class space    used 14641K, capacity 15858K, committed 15872K, reserved 1048576K
}
Event: 59.953 GC heap after
{Heap after GC invocations=42 (full 0):
 garbage-first heap   total 260096K, used 209366K [0x0000000080000000, 0x0000000100000000)
  region size 1024K, 2 young (2048K), 2 survivors (2048K)
 Metaspace       used 116312K, capacity 119663K, committed 119844K, reserved 1153024K
  class space    used 14641K, capacity 15858K, committed 15872K, reserved 1048576K
}

