# JRE version: OpenJDK Runtime Environment (11.0.15) (build 11.0.15+0-b2043.56-9505619)
# Java VM: OpenJDK 64-Bit Server VM (11.0.15+0-b2043.56-9505619, mixed mode, tiered, compressed oops, g1 gc, windows-amd64)
Heap:
 garbage-first heap   total 592896K, used 187934K [0x0000000080000000, 0x0000000100000000)
  region size 1024K, 3 young (3072K), 3 survivors (3072K)
 Metaspace       used 115063K, capacity 118380K, committed 119580K, reserved 1153024K
  class space    used 14734K, capacity 16021K, committed 16536K, reserved 1048576K
GC Heap History (20 events):
Event: 39.053 GC heap after
{Heap after GC invocations=40 (full 0):
 garbage-first heap   total 260096K, used 131481K [0x0000000080000000, 0x0000000100000000)
  region size 1024K, 5 young (5120K), 5 survivors (5120K)
 Metaspace       used 114686K, capacity 117915K, committed 119324K, reserved 1153024K
  class space    used 14708K, capacity 15967K, committed 16536K, reserved 1048576K
}
Event: 39.680 GC heap before
{Heap before GC invocations=41 (full 0):
 garbage-first heap   total 260096K, used 206233K [0x0000000080000000, 0x0000000100000000)
  region size 1024K, 75 young (76800K), 5 survivors (5120K)
 Metaspace       used 114877K, capacity 118192K, committed 119580K, reserved 1153024K
  class space    used 14712K, capacity 16003K, committed 16536K, reserved 1048576K
}
Event: 39.694 GC heap after
{Heap after GC invocations=42 (full 0):
 garbage-first heap   total 260096K, used 140685K [0x0000000080000000, 0x0000000100000000)
  region size 1024K, 10 young (10240K), 10 survivors (10240K)
 Metaspace       used 114877K, capacity 118192K, committed 119580K, reserved 1153024K
  class space    used 14712K, capacity 16003K, committed 16536K, reserved 1048576K
}
Event: 39.701 GC heap before
{Heap before GC invocations=42 (full 0):
 garbage-first heap   total 260096K, used 141709K [0x0000000080000000, 0x0000000100000000)
  region size 1024K, 12 young (12288K), 10 survivors (10240K)
 Metaspace       used 114877K, capacity 118192K, committed 119580K, reserved 1153024K
  class space    used 14712K, capacity 16003K, committed 16536K, reserved 1048576K
}
Event: 39.710 GC heap after
{Heap after GC invocations=43 (full 0):
 garbage-first heap   total 260096K, used 135993K [0x0000000080000000, 0x0000000100000000)
  region size 1024K, 2 young (2048K), 2 survivors (2048K)
 Metaspace       used 114877K, capacity 118192K, committed 119580K, reserved 1153024K
  class space    used 14712K, capacity 16003K, committed 16536K, reserved 1048576K
}
Event: 39.922 GC heap before
{Heap before GC invocations=43 (full 0):
 garbage-first heap   total 260096K, used 202553K [0x0000000080000000, 0x0000000100000000)
  region size 1024K, 68 young (69632K), 2 survivors (2048K)
 Metaspace       used 114886K, capacity 118196K, committed 119580K, reserved 1153024K
  class space    used 14713K, capacity 16004K, committed 16536K, reserved 1048576K
}
Event: 39.941 GC heap after
{Heap after GC invocations=44 (full 0):
 garbage-first heap   total 260096K, used 149915K [0x0000000080000000, 0x0000000100000000)
  region size 1024K, 9 young (9216K), 9 survivors (9216K)
 Metaspace       used 114886K, capacity 118196K, committed 119580K, reserved 1153024K
  class space    used 14713K, capacity 16004K, committed 16536K, reserved 1048576K
}
Event: 40.211 GC heap before
{Heap before GC invocations=44 (full 0):
 garbage-first heap   total 260096K, used 206235K [0x0000000080000000, 0x0000000100000000)
  region size 1024K, 65 young (66560K), 9 survivors (9216K)
 Metaspace       used 114919K, capacity 118199K, committed 119580K, reserved 1153024K
  class space    used 14713K, capacity 16004K, committed 16536K, reserved 1048576K
}
Event: 40.231 GC heap after
{Heap after GC invocations=45 (full 0):
 garbage-first heap   total 260096K, used 155766K [0x0000000080000000, 0x0000000100000000)
  region size 1024K, 9 young (9216K), 9 survivors (9216K)
 Metaspace       used 114919K, capacity 118199K, committed 119580K, reserved 1153024K
  class space    used 14713K, capacity 16004K, committed 16536K, reserved 1048576K
}
Event: 40.496 GC heap before
{Heap before GC invocations=46 (full 0):
 garbage-first heap   total 260096K, used 207990K [0x0000000080000000, 0x0000000100000000)
  region size 1024K, 61 young (62464K), 9 survivors (9216K)
 Metaspace       used 114923K, capacity 118201K, committed 119580K, reserved 1153024K
  class space    used 14713K, capacity 16004K, committed 16536K, reserved 1048576K
}
Event: 40.523 GC heap after
{Heap after GC invocations=47 (full 0):
 garbage-first heap   total 260096K, used 165231K [0x0000000080000000, 0x0000000100000000)
  region size 1024K, 8 young (8192K), 8 survivors (8192K)
 Metaspace       used 114923K, capacity 118201K, committed 119580K, reserved 1153024K
  class space    used 14713K, capacity 16004K, committed 16536K, reserved 1048576K
}
Event: 40.537 GC heap before
{Heap before GC invocations=47 (full 0):
 garbage-first heap   total 260096K, used 169327K [0x0000000080000000, 0x0000000100000000)
  region size 1024K, 12 young (12288K), 8 survivors (8192K)
 Metaspace       used 114923K, capacity 118201K, committed 119580K, reserved 1153024K
  class space    used 14713K, capacity 16004K, committed 16536K, reserved 1048576K
}
Event: 40.573 GC heap after
{Heap after GC invocations=48 (full 0):
 garbage-first heap   total 338944K, used 154318K [0x0000000080000000, 0x0000000100000000)
  region size 1024K, 2 young (2048K), 2 survivors (2048K)
 Metaspace       used 114923K, capacity 118201K, committed 119580K, reserved 1153024K
  class space    used 14713K, capacity 16004K, committed 16536K, reserved 1048576K
}
Event: 40.893 GC heap before
{Heap before GC invocations=48 (full 0):
 garbage-first heap   total 338944K, used 238286K [0x0000000080000000, 0x0000000100000000)
  region size 1024K, 84 young (86016K), 2 survivors (2048K)
 Metaspace       used 114946K, capacity 118201K, committed 119580K, reserved 1153024K
  class space    used 14716K, capacity 16004K, committed 16536K, reserved 1048576K
}
Event: 40.918 GC heap after
{Heap after GC invocations=49 (full 0):
 garbage-first heap   total 338944K, used 168174K [0x0000000080000000, 0x0000000100000000)
  region size 1024K, 11 young (11264K), 11 survivors (11264K)
 Metaspace       used 114946K, capacity 118201K, committed 119580K, reserved 1153024K
  class space    used 14716K, capacity 16004K, committed 16536K, reserved 1048576K
}
Event: 41.204 GC heap before
{Heap before GC invocations=49 (full 0):
 garbage-first heap   total 338944K, used 248046K [0x0000000080000000, 0x0000000100000000)
  region size 1024K, 90 young (92160K), 11 survivors (11264K)
 Metaspace       used 114963K, capacity 118267K, committed 119580K, reserved 1153024K
  class space    used 14716K, capacity 16004K, committed 16536K, reserved 1048576K
}
Event: 41.236 GC heap after
{Heap after GC invocations=50 (full 0):
 garbage-first heap   total 338944K, used 178367K [0x0000000080000000, 0x0000000100000000)
  region size 1024K, 10 young (10240K), 10 survivors (10240K)
 Metaspace       used 114963K, capacity 118267K, committed 119580K, reserved 1153024K
  class space    used 14716K, capacity 16004K, committed 16536K, reserved 1048576K
}
Event: 41.516 GC heap before
{Heap before GC invocations=50 (full 0):
 garbage-first heap   total 338944K, used 257215K [0x0000000080000000, 0x0000000100000000)
  region size 1024K, 87 young (89088K), 10 survivors (10240K)
 Metaspace       used 115037K, capacity 118303K, committed 119580K, reserved 1153024K
  class space    used 14731K, capacity 16016K, committed 16536K, reserved 1048576K
}
Event: 41.536 GC heap after
{Heap after GC invocations=51 (full 0):
 garbage-first heap   total 338944K, used 185344K [0x0000000080000000, 0x0000000100000000)
  region size 1024K, 7 young (7168K), 7 survivors (7168K)
 Metaspace       used 115037K, capacity 118303K, committed 119580K, reserved 1153024K
  class space    used 14731K, capacity 16016K, committed 16536K, reserved 1048576K
}
Event: 41.810 GC heap before
{Heap before GC invocations=51 (full 0):
 garbage-first heap   total 338944K, used 264192K [0x0000000080000000, 0x0000000100000000)
  region size 1024K, 84 young (86016K), 7 survivors (7168K)
 Metaspace       used 115063K, capacity 118380K, committed 119580K, reserved 1153024K
  class space    used 14734K, capacity 16021K, committed 16536K, reserved 1048576K
}

