# JRE version: OpenJDK Runtime Environment (11.0.15) (build 11.0.15+0-b2043.56-9505619)
# Java VM: OpenJDK 64-Bit Server VM (11.0.15+0-b2043.56-9505619, mixed mode, tiered, compressed oops, g1 gc, windows-amd64)
Heap:
 garbage-first heap   total 260096K, used 212932K [0x0000000080000000, 0x0000000100000000)
  region size 1024K, 11 young (11264K), 4 survivors (4096K)
 Metaspace       used 128994K, capacity 132485K, committed 132688K, reserved 1165312K
  class space    used 15983K, capacity 17234K, committed 17280K, reserved 1048576K
GC Heap History (20 events):
Event: 80.639 GC heap before
{Heap before GC invocations=85 (full 0):
 garbage-first heap   total 260096K, used 229081K [0x0000000080000000, 0x0000000100000000)
  region size 1024K, 30 young (30720K), 1 survivors (1024K)
 Metaspace       used 116544K, capacity 119616K, committed 120400K, reserved 1153024K
  class space    used 14592K, capacity 15707K, committed 16000K, reserved 1048576K
}
Event: 80.646 GC heap after
{Heap after GC invocations=86 (full 0):
 garbage-first heap   total 260096K, used 198904K [0x0000000080000000, 0x0000000100000000)
  region size 1024K, 3 young (3072K), 3 survivors (3072K)
 Metaspace       used 116544K, capacity 119616K, committed 120400K, reserved 1153024K
  class space    used 14592K, capacity 15707K, committed 16000K, reserved 1048576K
}
Event: 81.250 GC heap before
{Heap before GC invocations=87 (full 0):
 garbage-first heap   total 260096K, used 225352K [0x0000000080000000, 0x0000000100000000)
  region size 1024K, 32 young (32768K), 3 survivors (3072K)
 Metaspace       used 117245K, capacity 120293K, committed 120912K, reserved 1155072K
  class space    used 14670K, capacity 15793K, committed 16000K, reserved 1048576K
}
Event: 81.258 GC heap after
{Heap after GC invocations=88 (full 0):
 garbage-first heap   total 260096K, used 198739K [0x0000000080000000, 0x0000000100000000)
  region size 1024K, 4 young (4096K), 4 survivors (4096K)
 Metaspace       used 117245K, capacity 120293K, committed 120912K, reserved 1155072K
  class space    used 14670K, capacity 15793K, committed 16000K, reserved 1048576K
}
Event: 81.811 GC heap before
{Heap before GC invocations=88 (full 0):
 garbage-first heap   total 260096K, used 226387K [0x0000000080000000, 0x0000000100000000)
  region size 1024K, 32 young (32768K), 4 survivors (4096K)
 Metaspace       used 118074K, capacity 121192K, committed 121808K, reserved 1155072K
  class space    used 14789K, capacity 15922K, committed 16128K, reserved 1048576K
}
Event: 81.818 GC heap after
{Heap after GC invocations=89 (full 0):
 garbage-first heap   total 260096K, used 198802K [0x0000000080000000, 0x0000000100000000)
  region size 1024K, 2 young (2048K), 2 survivors (2048K)
 Metaspace       used 118074K, capacity 121192K, committed 121808K, reserved 1155072K
  class space    used 14789K, capacity 15922K, committed 16128K, reserved 1048576K
}
Event: 82.260 GC heap before
{Heap before GC invocations=90 (full 0):
 garbage-first heap   total 260096K, used 227474K [0x0000000080000000, 0x0000000100000000)
  region size 1024K, 31 young (31744K), 2 survivors (2048K)
 Metaspace       used 120268K, capacity 123400K, committed 123856K, reserved 1157120K
  class space    used 15072K, capacity 16210K, committed 16384K, reserved 1048576K
}
Event: 82.267 GC heap after
{Heap after GC invocations=91 (full 0):
 garbage-first heap   total 260096K, used 198185K [0x0000000080000000, 0x0000000100000000)
  region size 1024K, 3 young (3072K), 3 survivors (3072K)
 Metaspace       used 120268K, capacity 123400K, committed 123856K, reserved 1157120K
  class space    used 15072K, capacity 16210K, committed 16384K, reserved 1048576K
}
Event: 82.853 GC heap before
{Heap before GC invocations=91 (full 0):
 garbage-first heap   total 260096K, used 227881K [0x0000000080000000, 0x0000000100000000)
  region size 1024K, 32 young (32768K), 3 survivors (3072K)
 Metaspace       used 122366K, capacity 125480K, committed 126160K, reserved 1159168K
  class space    used 15298K, capacity 16434K, committed 16640K, reserved 1048576K
}
Event: 82.861 GC heap after
{Heap after GC invocations=92 (full 0):
 garbage-first heap   total 260096K, used 200086K [0x0000000080000000, 0x0000000100000000)
  region size 1024K, 4 young (4096K), 4 survivors (4096K)
 Metaspace       used 122366K, capacity 125480K, committed 126160K, reserved 1159168K
  class space    used 15298K, capacity 16434K, committed 16640K, reserved 1048576K
}
Event: 83.958 GC heap before
{Heap before GC invocations=93 (full 0):
 garbage-first heap   total 260096K, used 228758K [0x0000000080000000, 0x0000000100000000)
  region size 1024K, 32 young (32768K), 4 survivors (4096K)
 Metaspace       used 123597K, capacity 126719K, committed 127056K, reserved 1159168K
  class space    used 15448K, capacity 16610K, committed 16768K, reserved 1048576K
}
Event: 83.970 GC heap after
{Heap after GC invocations=94 (full 0):
 garbage-first heap   total 260096K, used 202165K [0x0000000080000000, 0x0000000100000000)
  region size 1024K, 4 young (4096K), 4 survivors (4096K)
 Metaspace       used 123597K, capacity 126719K, committed 127056K, reserved 1159168K
  class space    used 15448K, capacity 16610K, committed 16768K, reserved 1048576K
}
Event: 84.191 GC heap before
{Heap before GC invocations=94 (full 0):
 garbage-first heap   total 260096K, used 227765K [0x0000000080000000, 0x0000000100000000)
  region size 1024K, 30 young (30720K), 4 survivors (4096K)
 Metaspace       used 124120K, capacity 127211K, committed 127696K, reserved 1161216K
  class space    used 15528K, capacity 16685K, committed 16896K, reserved 1048576K
}
Event: 84.201 GC heap after
{Heap after GC invocations=95 (full 0):
 garbage-first heap   total 260096K, used 203598K [0x0000000080000000, 0x0000000100000000)
  region size 1024K, 4 young (4096K), 4 survivors (4096K)
 Metaspace       used 124120K, capacity 127211K, committed 127696K, reserved 1161216K
  class space    used 15528K, capacity 16685K, committed 16896K, reserved 1048576K
}
Event: 84.399 GC heap before
{Heap before GC invocations=95 (full 0):
 garbage-first heap   total 260096K, used 227150K [0x0000000080000000, 0x0000000100000000)
  region size 1024K, 28 young (28672K), 4 survivors (4096K)
 Metaspace       used 124772K, capacity 127883K, committed 128208K, reserved 1161216K
  class space    used 15614K, capacity 16781K, committed 16896K, reserved 1048576K
}
Event: 84.406 GC heap after
{Heap after GC invocations=96 (full 0):
 garbage-first heap   total 260096K, used 203801K [0x0000000080000000, 0x0000000100000000)
  region size 1024K, 2 young (2048K), 2 survivors (2048K)
 Metaspace       used 124772K, capacity 127883K, committed 128208K, reserved 1161216K
  class space    used 15614K, capacity 16781K, committed 16896K, reserved 1048576K
}
Event: 113.255 GC heap before
{Heap before GC invocations=97 (full 0):
 garbage-first heap   total 260096K, used 228377K [0x0000000080000000, 0x0000000100000000)
  region size 1024K, 27 young (27648K), 2 survivors (2048K)
 Metaspace       used 128503K, capacity 131771K, committed 131792K, reserved 1163264K
  class space    used 15942K, capacity 17151K, committed 17152K, reserved 1048576K
}
Event: 113.262 GC heap after
{Heap after GC invocations=98 (full 0):
 garbage-first heap   total 260096K, used 205086K [0x0000000080000000, 0x0000000100000000)
  region size 1024K, 3 young (3072K), 3 survivors (3072K)
 Metaspace       used 128503K, capacity 131771K, committed 131792K, reserved 1163264K
  class space    used 15942K, capacity 17151K, committed 17152K, reserved 1048576K
}
Event: 113.722 GC heap before
{Heap before GC invocations=98 (full 0):
 garbage-first heap   total 260096K, used 227614K [0x0000000080000000, 0x0000000100000000)
  region size 1024K, 26 young (26624K), 3 survivors (3072K)
 Metaspace       used 128789K, capacity 132139K, committed 132432K, reserved 1165312K
  class space    used 15968K, capacity 17189K, committed 17280K, reserved 1048576K
}
Event: 113.742 GC heap after
{Heap after GC invocations=99 (full 0):
 garbage-first heap   total 260096K, used 206788K [0x0000000080000000, 0x0000000100000000)
  region size 1024K, 4 young (4096K), 4 survivors (4096K)
 Metaspace       used 128789K, capacity 132139K, committed 132432K, reserved 1165312K
  class space    used 15968K, capacity 17189K, committed 17280K, reserved 1048576K
}

