# JRE version: OpenJDK Runtime Environment (11.0.15) (build 11.0.15+0-b2043.56-9505619)
# Java VM: OpenJDK 64-Bit Server VM (11.0.15+0-b2043.56-9505619, mixed mode, tiered, compressed oops, g1 gc, windows-amd64)
Heap:
 garbage-first heap   total 312320K, used 183191K [0x0000000080000000, 0x0000000100000000)
  region size 1024K, 24 young (24576K), 13 survivors (13312K)
 Metaspace       used 113599K, capacity 116649K, committed 116896K, reserved 1150976K
  class space    used 14444K, capacity 15652K, committed 15768K, reserved 1048576K
GC Heap History (20 events):
Event: 14.172 GC heap before
{Heap before GC invocations=10 (full 0):
 garbage-first heap   total 260096K, used 180013K [0x0000000080000000, 0x0000000100000000)
  region size 1024K, 152 young (155648K), 15 survivors (15360K)
 Metaspace       used 59551K, capacity 61205K, committed 61392K, reserved 1101824K
  class space    used 7518K, capacity 8165K, committed 8268K, reserved 1048576K
}
Event: 14.207 GC heap after
{Heap after GC invocations=11 (full 0):
 garbage-first heap   total 260096K, used 52285K [0x0000000080000000, 0x0000000100000000)
  region size 1024K, 19 young (19456K), 19 survivors (19456K)
 Metaspace       used 59551K, capacity 61205K, committed 61392K, reserved 1101824K
  class space    used 7518K, capacity 8165K, committed 8268K, reserved 1048576K
}
Event: 17.374 GC heap before
{Heap before GC invocations=11 (full 0):
 garbage-first heap   total 260096K, used 194621K [0x0000000080000000, 0x0000000100000000)
  region size 1024K, 151 young (154624K), 19 survivors (19456K)
 Metaspace       used 69230K, capacity 70992K, committed 71248K, reserved 1112064K
  class space    used 8734K, capacity 9394K, committed 9420K, reserved 1048576K
}
Event: 17.407 GC heap after
{Heap after GC invocations=12 (full 0):
 garbage-first heap   total 260096K, used 64654K [0x0000000080000000, 0x0000000100000000)
  region size 1024K, 12 young (12288K), 12 survivors (12288K)
 Metaspace       used 69230K, capacity 70992K, committed 71248K, reserved 1112064K
  class space    used 8734K, capacity 9394K, committed 9420K, reserved 1048576K
}
Event: 20.980 GC heap before
{Heap before GC invocations=12 (full 0):
 garbage-first heap   total 260096K, used 189582K [0x0000000080000000, 0x0000000100000000)
  region size 1024K, 135 young (138240K), 12 survivors (12288K)
 Metaspace       used 79971K, capacity 81884K, committed 82000K, reserved 1120256K
  class space    used 10375K, capacity 11121K, committed 11212K, reserved 1048576K
}
Event: 21.027 GC heap after
{Heap after GC invocations=13 (full 0):
 garbage-first heap   total 260096K, used 71609K [0x0000000080000000, 0x0000000100000000)
  region size 1024K, 8 young (8192K), 8 survivors (8192K)
 Metaspace       used 79971K, capacity 81884K, committed 82000K, reserved 1120256K
  class space    used 10375K, capacity 11121K, committed 11212K, reserved 1048576K
}
Event: 23.350 GC heap before
{Heap before GC invocations=14 (full 0):
 garbage-first heap   total 260096K, used 200633K [0x0000000080000000, 0x0000000100000000)
  region size 1024K, 134 young (137216K), 8 survivors (8192K)
 Metaspace       used 86459K, capacity 88575K, committed 88736K, reserved 1126400K
  class space    used 11222K, capacity 12042K, committed 12184K, reserved 1048576K
}
Event: 23.441 GC heap after
{Heap after GC invocations=15 (full 0):
 garbage-first heap   total 312320K, used 83968K [0x0000000080000000, 0x0000000100000000)
  region size 1024K, 17 young (17408K), 17 survivors (17408K)
 Metaspace       used 86459K, capacity 88575K, committed 88736K, reserved 1126400K
  class space    used 11222K, capacity 12042K, committed 12184K, reserved 1048576K
}
Event: 27.355 GC heap before
{Heap before GC invocations=16 (full 0):
 garbage-first heap   total 312320K, used 232448K [0x0000000080000000, 0x0000000100000000)
  region size 1024K, 161 young (164864K), 17 survivors (17408K)
 Metaspace       used 93825K, capacity 96339K, committed 96672K, reserved 1132544K
  class space    used 12142K, capacity 13114K, committed 13208K, reserved 1048576K
}
Event: 27.418 GC heap after
{Heap after GC invocations=17 (full 0):
 garbage-first heap   total 312320K, used 109509K [0x0000000080000000, 0x0000000100000000)
  region size 1024K, 21 young (21504K), 21 survivors (21504K)
 Metaspace       used 93825K, capacity 96339K, committed 96672K, reserved 1132544K
  class space    used 12142K, capacity 13114K, committed 13208K, reserved 1048576K
}
Event: 31.065 GC heap before
{Heap before GC invocations=17 (full 0):
 garbage-first heap   total 312320K, used 261061K [0x0000000080000000, 0x0000000100000000)
  region size 1024K, 145 young (148480K), 21 survivors (21504K)
 Metaspace       used 98016K, capacity 100709K, committed 101024K, reserved 1136640K
  class space    used 12566K, capacity 13593K, committed 13720K, reserved 1048576K
}
Event: 31.127 GC heap after
{Heap after GC invocations=18 (full 0):
 garbage-first heap   total 312320K, used 123181K [0x0000000080000000, 0x0000000100000000)
  region size 1024K, 13 young (13312K), 13 survivors (13312K)
 Metaspace       used 98016K, capacity 100709K, committed 101024K, reserved 1136640K
  class space    used 12566K, capacity 13593K, committed 13720K, reserved 1048576K
}
Event: 33.094 GC heap before
{Heap before GC invocations=18 (full 0):
 garbage-first heap   total 312320K, used 239917K [0x0000000080000000, 0x0000000100000000)
  region size 1024K, 128 young (131072K), 13 survivors (13312K)
 Metaspace       used 104426K, capacity 107199K, committed 107296K, reserved 1142784K
  class space    used 13250K, capacity 14317K, committed 14360K, reserved 1048576K
}
Event: 33.118 GC heap after
{Heap after GC invocations=19 (full 0):
 garbage-first heap   total 312320K, used 126541K [0x0000000080000000, 0x0000000100000000)
  region size 1024K, 6 young (6144K), 6 survivors (6144K)
 Metaspace       used 104426K, capacity 107199K, committed 107296K, reserved 1142784K
  class space    used 13250K, capacity 14317K, committed 14360K, reserved 1048576K
}
Event: 36.817 GC heap before
{Heap before GC invocations=19 (full 0):
 garbage-first heap   total 312320K, used 247373K [0x0000000080000000, 0x0000000100000000)
  region size 1024K, 123 young (125952K), 6 survivors (6144K)
 Metaspace       used 107892K, capacity 110709K, committed 110880K, reserved 1144832K
  class space    used 13664K, capacity 14744K, committed 14872K, reserved 1048576K
}
Event: 36.844 GC heap after
{Heap after GC invocations=20 (full 0):
 garbage-first heap   total 312320K, used 145206K [0x0000000080000000, 0x0000000100000000)
  region size 1024K, 16 young (16384K), 16 survivors (16384K)
 Metaspace       used 107892K, capacity 110709K, committed 110880K, reserved 1144832K
  class space    used 13664K, capacity 14744K, committed 14872K, reserved 1048576K
}
Event: 37.967 GC heap before
{Heap before GC invocations=20 (full 0):
 garbage-first heap   total 312320K, used 245558K [0x0000000080000000, 0x0000000100000000)
  region size 1024K, 115 young (117760K), 16 survivors (16384K)
 Metaspace       used 110016K, capacity 112909K, committed 113184K, reserved 1146880K
  class space    used 13909K, capacity 15030K, committed 15128K, reserved 1048576K
}
Event: 38.012 GC heap after
{Heap after GC invocations=21 (full 0):
 garbage-first heap   total 312320K, used 159426K [0x0000000080000000, 0x0000000100000000)
  region size 1024K, 15 young (15360K), 15 survivors (15360K)
 Metaspace       used 110016K, capacity 112909K, committed 113184K, reserved 1146880K
  class space    used 13909K, capacity 15030K, committed 15128K, reserved 1048576K
}
Event: 38.881 GC heap before
{Heap before GC invocations=21 (full 0):
 garbage-first heap   total 312320K, used 244418K [0x0000000080000000, 0x0000000100000000)
  region size 1024K, 98 young (100352K), 15 survivors (15360K)
 Metaspace       used 113055K, capacity 116033K, committed 116256K, reserved 1150976K
  class space    used 14353K, capacity 15515K, committed 15640K, reserved 1048576K
}
Event: 38.982 GC heap after
{Heap after GC invocations=22 (full 0):
 garbage-first heap   total 312320K, used 172951K [0x0000000080000000, 0x0000000100000000)
  region size 1024K, 13 young (13312K), 13 survivors (13312K)
 Metaspace       used 113055K, capacity 116033K, committed 116256K, reserved 1150976K
  class space    used 14353K, capacity 15515K, committed 15640K, reserved 1048576K
}

