# JRE version: OpenJDK Runtime Environment (11.0.15) (build 11.0.15+0-b2043.56-9505619)
# Java VM: OpenJDK 64-Bit Server VM (11.0.15+0-b2043.56-9505619, mixed mode, tiered, compressed oops, g1 gc, windows-amd64)
Heap:
 garbage-first heap   total 312320K, used 221466K [0x0000000080000000, 0x0000000100000000)
  region size 1024K, 17 young (17408K), 6 survivors (6144K)
 Metaspace       used 120365K, capacity 123654K, committed 124016K, reserved 1157120K
  class space    used 15149K, capacity 16326K, committed 16460K, reserved 1048576K
GC Heap History (20 events):
Event: 26.908 GC heap before
{Heap before GC invocations=36 (full 0):
 garbage-first heap   total 260096K, used 220301K [0x0000000080000000, 0x0000000100000000)
  region size 1024K, 41 young (41984K), 6 survivors (6144K)
 Metaspace       used 106247K, capacity 109199K, committed 109296K, reserved 1144832K
  class space    used 13676K, capacity 14726K, committed 14796K, reserved 1048576K
}
Event: 26.923 GC heap after
{Heap after GC invocations=37 (full 0):
 garbage-first heap   total 260096K, used 188428K [0x0000000080000000, 0x0000000100000000)
  region size 1024K, 3 young (3072K), 3 survivors (3072K)
 Metaspace       used 106247K, capacity 109199K, committed 109296K, reserved 1144832K
  class space    used 13676K, capacity 14726K, committed 14796K, reserved 1048576K
}
Event: 27.596 GC heap before
{Heap before GC invocations=37 (full 0):
 garbage-first heap   total 260096K, used 222220K [0x0000000080000000, 0x0000000100000000)
  region size 1024K, 37 young (37888K), 3 survivors (3072K)
 Metaspace       used 107058K, capacity 109991K, committed 110192K, reserved 1144832K
  class space    used 13732K, capacity 14801K, committed 14924K, reserved 1048576K
}
Event: 27.607 GC heap after
{Heap after GC invocations=38 (full 0):
 garbage-first heap   total 260096K, used 190786K [0x0000000080000000, 0x0000000100000000)
  region size 1024K, 5 young (5120K), 5 survivors (5120K)
 Metaspace       used 107058K, capacity 109991K, committed 110192K, reserved 1144832K
  class space    used 13732K, capacity 14801K, committed 14924K, reserved 1048576K
}
Event: 28.138 GC heap before
{Heap before GC invocations=39 (full 0):
 garbage-first heap   total 260096K, used 222530K [0x0000000080000000, 0x0000000100000000)
  region size 1024K, 37 young (37888K), 5 survivors (5120K)
 Metaspace       used 108101K, capacity 111065K, committed 111344K, reserved 1146880K
  class space    used 13851K, capacity 14915K, committed 15052K, reserved 1048576K
}
Event: 28.151 GC heap after
{Heap after GC invocations=40 (full 0):
 garbage-first heap   total 260096K, used 191961K [0x0000000080000000, 0x0000000100000000)
  region size 1024K, 2 young (2048K), 2 survivors (2048K)
 Metaspace       used 108101K, capacity 111065K, committed 111344K, reserved 1146880K
  class space    used 13851K, capacity 14915K, committed 15052K, reserved 1048576K
}
Event: 28.580 GC heap before
{Heap before GC invocations=40 (full 0):
 garbage-first heap   total 260096K, used 224729K [0x0000000080000000, 0x0000000100000000)
  region size 1024K, 34 young (34816K), 2 survivors (2048K)
 Metaspace       used 110550K, capacity 113497K, committed 113648K, reserved 1148928K
  class space    used 14165K, capacity 15235K, committed 15308K, reserved 1048576K
}
Event: 28.587 GC heap after
{Heap after GC invocations=41 (full 0):
 garbage-first heap   total 260096K, used 192286K [0x0000000080000000, 0x0000000100000000)
  region size 1024K, 3 young (3072K), 3 survivors (3072K)
 Metaspace       used 110550K, capacity 113497K, committed 113648K, reserved 1148928K
  class space    used 14165K, capacity 15235K, committed 15308K, reserved 1048576K
}
Event: 29.160 GC heap before
{Heap before GC invocations=42 (full 0):
 garbage-first heap   total 260096K, used 224030K [0x0000000080000000, 0x0000000100000000)
  region size 1024K, 35 young (35840K), 3 survivors (3072K)
 Metaspace       used 112814K, capacity 115798K, committed 115952K, reserved 1150976K
  class space    used 14415K, capacity 15490K, committed 15564K, reserved 1048576K
}
Event: 29.169 GC heap after
{Heap after GC invocations=43 (full 0):
 garbage-first heap   total 260096K, used 194279K [0x0000000080000000, 0x0000000100000000)
  region size 1024K, 4 young (4096K), 4 survivors (4096K)
 Metaspace       used 112814K, capacity 115798K, committed 115952K, reserved 1150976K
  class space    used 14415K, capacity 15490K, committed 15564K, reserved 1048576K
}
Event: 29.869 GC heap before
{Heap before GC invocations=43 (full 0):
 garbage-first heap   total 260096K, used 224999K [0x0000000080000000, 0x0000000100000000)
  region size 1024K, 35 young (35840K), 4 survivors (4096K)
 Metaspace       used 116017K, capacity 119208K, committed 119408K, reserved 1153024K
  class space    used 14758K, capacity 15852K, committed 15948K, reserved 1048576K
}
Event: 29.881 GC heap after
{Heap after GC invocations=44 (full 0):
 garbage-first heap   total 260096K, used 196457K [0x0000000080000000, 0x0000000100000000)
  region size 1024K, 5 young (5120K), 5 survivors (5120K)
 Metaspace       used 116017K, capacity 119208K, committed 119408K, reserved 1153024K
  class space    used 14758K, capacity 15852K, committed 15948K, reserved 1048576K
}
Event: 39.617 GC heap before
{Heap before GC invocations=45 (full 0):
 garbage-first heap   total 260096K, used 225129K [0x0000000080000000, 0x0000000100000000)
  region size 1024K, 34 young (34816K), 5 survivors (5120K)
 Metaspace       used 118161K, capacity 121362K, committed 121584K, reserved 1155072K
  class space    used 14915K, capacity 16014K, committed 16076K, reserved 1048576K
}
Event: 39.629 GC heap after
{Heap after GC invocations=46 (full 0):
 garbage-first heap   total 260096K, used 198351K [0x0000000080000000, 0x0000000100000000)
  region size 1024K, 5 young (5120K), 5 survivors (5120K)
 Metaspace       used 118161K, capacity 121362K, committed 121584K, reserved 1155072K
  class space    used 14915K, capacity 16014K, committed 16076K, reserved 1048576K
}
Event: 40.321 GC heap before
{Heap before GC invocations=46 (full 0):
 garbage-first heap   total 260096K, used 225999K [0x0000000080000000, 0x0000000100000000)
  region size 1024K, 32 young (32768K), 5 survivors (5120K)
 Metaspace       used 119058K, capacity 122329K, committed 122480K, reserved 1155072K
  class space    used 14995K, capacity 16130K, committed 16204K, reserved 1048576K
}
Event: 40.351 GC heap after
{Heap after GC invocations=47 (full 0):
 garbage-first heap   total 260096K, used 202404K [0x0000000080000000, 0x0000000100000000)
  region size 1024K, 4 young (4096K), 4 survivors (4096K)
 Metaspace       used 119058K, capacity 122329K, committed 122480K, reserved 1155072K
  class space    used 14995K, capacity 16130K, committed 16204K, reserved 1048576K
}
Event: 40.829 GC heap before
{Heap before GC invocations=48 (full 0):
 garbage-first heap   total 260096K, used 225956K [0x0000000080000000, 0x0000000100000000)
  region size 1024K, 27 young (27648K), 4 survivors (4096K)
 Metaspace       used 120015K, capacity 123311K, committed 123632K, reserved 1157120K
  class space    used 15100K, capacity 16260K, committed 16332K, reserved 1048576K
}
Event: 40.843 GC heap after
{Heap after GC invocations=49 (full 0):
 garbage-first heap   total 312320K, used 205127K [0x0000000080000000, 0x0000000100000000)
  region size 1024K, 3 young (3072K), 3 survivors (3072K)
 Metaspace       used 120015K, capacity 123311K, committed 123632K, reserved 1157120K
  class space    used 15100K, capacity 16260K, committed 16332K, reserved 1048576K
}
Event: 41.259 GC heap before
{Heap before GC invocations=49 (full 0):
 garbage-first heap   total 312320K, used 247111K [0x0000000080000000, 0x0000000100000000)
  region size 1024K, 44 young (45056K), 3 survivors (3072K)
 Metaspace       used 120081K, capacity 123330K, committed 123632K, reserved 1157120K
  class space    used 15104K, capacity 16264K, committed 16332K, reserved 1048576K
}
Event: 41.276 GC heap after
{Heap after GC invocations=50 (full 0):
 garbage-first heap   total 312320K, used 211226K [0x0000000080000000, 0x0000000100000000)
  region size 1024K, 6 young (6144K), 6 survivors (6144K)
 Metaspace       used 120081K, capacity 123330K, committed 123632K, reserved 1157120K
  class space    used 15104K, capacity 16264K, committed 16332K, reserved 1048576K
}

