# JRE version: OpenJDK Runtime Environment (11.0.15) (build 11.0.15+0-b2043.56-9505619)
# Java VM: OpenJDK 64-Bit Server VM (11.0.15+0-b2043.56-9505619, mixed mode, tiered, compressed oops, g1 gc, windows-amd64)
Heap:
 garbage-first heap   total 510976K, used 205970K [0x0000000080000000, 0x0000000100000000)
  region size 1024K, 2 young (2048K), 2 survivors (2048K)
 Metaspace       used 113586K, capacity 116920K, committed 119292K, reserved 1153024K
  class space    used 14579K, capacity 15890K, committed 16792K, reserved 1048576K
GC Heap History (20 events):
Event: 37.440 GC heap after
{Heap after GC invocations=37 (full 0):
 garbage-first heap   total 444416K, used 208827K [0x0000000080000000, 0x0000000100000000)
  region size 1024K, 2 young (2048K), 2 survivors (2048K)
 Metaspace       used 113393K, capacity 116713K, committed 119036K, reserved 1150976K
  class space    used 14568K, capacity 15845K, committed 16792K, reserved 1048576K
}
Event: 37.561 GC heap before
{Heap before GC invocations=37 (full 0):
 garbage-first heap   total 444416K, used 228283K [0x0000000080000000, 0x0000000100000000)
  region size 1024K, 21 young (21504K), 2 survivors (2048K)
 Metaspace       used 113393K, capacity 116713K, committed 119036K, reserved 1150976K
  class space    used 14568K, capacity 15845K, committed 16792K, reserved 1048576K
}
Event: 37.569 GC heap after
{Heap after GC invocations=38 (full 0):
 garbage-first heap   total 444416K, used 208240K [0x0000000080000000, 0x0000000100000000)
  region size 1024K, 2 young (2048K), 2 survivors (2048K)
 Metaspace       used 113393K, capacity 116713K, committed 119036K, reserved 1150976K
  class space    used 14568K, capacity 15845K, committed 16792K, reserved 1048576K
}
Event: 38.121 GC heap before
{Heap before GC invocations=38 (full 0):
 garbage-first heap   total 444416K, used 363888K [0x0000000080000000, 0x0000000100000000)
  region size 1024K, 154 young (157696K), 2 survivors (2048K)
 Metaspace       used 113432K, capacity 116790K, committed 119036K, reserved 1150976K
  class space    used 14570K, capacity 15849K, committed 16792K, reserved 1048576K
}
Event: 38.133 GC heap after
{Heap after GC invocations=39 (full 0):
 garbage-first heap   total 444416K, used 208990K [0x0000000080000000, 0x0000000100000000)
  region size 1024K, 3 young (3072K), 3 survivors (3072K)
 Metaspace       used 113432K, capacity 116790K, committed 119036K, reserved 1150976K
  class space    used 14570K, capacity 15849K, committed 16792K, reserved 1048576K
}
Event: 38.893 GC heap before
{Heap before GC invocations=39 (full 0):
 garbage-first heap   total 444416K, used 367710K [0x0000000080000000, 0x0000000100000000)
  region size 1024K, 158 young (161792K), 3 survivors (3072K)
 Metaspace       used 113451K, capacity 116790K, committed 119036K, reserved 1150976K
  class space    used 14570K, capacity 15849K, committed 16792K, reserved 1048576K
}
Event: 38.906 GC heap after
{Heap after GC invocations=40 (full 0):
 garbage-first heap   total 444416K, used 209788K [0x0000000080000000, 0x0000000100000000)
  region size 1024K, 4 young (4096K), 4 survivors (4096K)
 Metaspace       used 113451K, capacity 116790K, committed 119036K, reserved 1150976K
  class space    used 14570K, capacity 15849K, committed 16792K, reserved 1048576K
}
Event: 39.365 GC heap before
{Heap before GC invocations=41 (full 0):
 garbage-first heap   total 444416K, used 374652K [0x0000000080000000, 0x0000000100000000)
  region size 1024K, 165 young (168960K), 4 survivors (4096K)
 Metaspace       used 113484K, capacity 116803K, committed 119036K, reserved 1150976K
  class space    used 14572K, capacity 15853K, committed 16792K, reserved 1048576K
}
Event: 39.377 GC heap after
{Heap after GC invocations=42 (full 0):
 garbage-first heap   total 444416K, used 210411K [0x0000000080000000, 0x0000000100000000)
  region size 1024K, 4 young (4096K), 4 survivors (4096K)
 Metaspace       used 113484K, capacity 116803K, committed 119036K, reserved 1150976K
  class space    used 14572K, capacity 15853K, committed 16792K, reserved 1048576K
}
Event: 39.427 GC heap before
{Heap before GC invocations=42 (full 0):
 garbage-first heap   total 444416K, used 227819K [0x0000000080000000, 0x0000000100000000)
  region size 1024K, 21 young (21504K), 4 survivors (4096K)
 Metaspace       used 113491K, capacity 116812K, committed 119036K, reserved 1150976K
  class space    used 14574K, capacity 15856K, committed 16792K, reserved 1048576K
}
Event: 39.446 GC heap after
{Heap after GC invocations=43 (full 0):
 garbage-first heap   total 444416K, used 208302K [0x0000000080000000, 0x0000000100000000)
  region size 1024K, 3 young (3072K), 3 survivors (3072K)
 Metaspace       used 113491K, capacity 116812K, committed 119036K, reserved 1150976K
  class space    used 14574K, capacity 15856K, committed 16792K, reserved 1048576K
}
Event: 39.890 GC heap before
{Heap before GC invocations=43 (full 0):
 garbage-first heap   total 444416K, used 381358K [0x0000000080000000, 0x0000000100000000)
  region size 1024K, 172 young (176128K), 3 survivors (3072K)
 Metaspace       used 113523K, capacity 116910K, committed 119292K, reserved 1153024K
  class space    used 14577K, capacity 15888K, committed 16792K, reserved 1048576K
}
Event: 39.904 GC heap after
{Heap after GC invocations=44 (full 0):
 garbage-first heap   total 444416K, used 208450K [0x0000000080000000, 0x0000000100000000)
  region size 1024K, 3 young (3072K), 3 survivors (3072K)
 Metaspace       used 113523K, capacity 116910K, committed 119292K, reserved 1153024K
  class space    used 14577K, capacity 15888K, committed 16792K, reserved 1048576K
}
Event: 40.677 GC heap before
{Heap before GC invocations=44 (full 0):
 garbage-first heap   total 444416K, used 384578K [0x0000000080000000, 0x0000000100000000)
  region size 1024K, 175 young (179200K), 3 survivors (3072K)
 Metaspace       used 113534K, capacity 116913K, committed 119292K, reserved 1153024K
  class space    used 14578K, capacity 15889K, committed 16792K, reserved 1048576K
}
Event: 40.690 GC heap after
{Heap after GC invocations=45 (full 0):
 garbage-first heap   total 444416K, used 209168K [0x0000000080000000, 0x0000000100000000)
  region size 1024K, 4 young (4096K), 4 survivors (4096K)
 Metaspace       used 113534K, capacity 116913K, committed 119292K, reserved 1153024K
  class space    used 14578K, capacity 15889K, committed 16792K, reserved 1048576K
}
Event: 41.188 GC heap before
{Heap before GC invocations=46 (full 0):
 garbage-first heap   total 444416K, used 385296K [0x0000000080000000, 0x0000000100000000)
  region size 1024K, 176 young (180224K), 4 survivors (4096K)
 Metaspace       used 113573K, capacity 116920K, committed 119292K, reserved 1153024K
  class space    used 14579K, capacity 15890K, committed 16792K, reserved 1048576K
}
Event: 41.205 GC heap after
{Heap after GC invocations=47 (full 0):
 garbage-first heap   total 444416K, used 210872K [0x0000000080000000, 0x0000000100000000)
  region size 1024K, 5 young (5120K), 5 survivors (5120K)
 Metaspace       used 113573K, capacity 116920K, committed 119292K, reserved 1153024K
  class space    used 14579K, capacity 15890K, committed 16792K, reserved 1048576K
}
Event: 41.245 GC heap before
{Heap before GC invocations=47 (full 0):
 garbage-first heap   total 444416K, used 227256K [0x0000000080000000, 0x0000000100000000)
  region size 1024K, 21 young (21504K), 5 survivors (5120K)
 Metaspace       used 113573K, capacity 116920K, committed 119292K, reserved 1153024K
  class space    used 14579K, capacity 15890K, committed 16792K, reserved 1048576K
}
Event: 41.267 GC heap after
{Heap after GC invocations=48 (full 0):
 garbage-first heap   total 444416K, used 205603K [0x0000000080000000, 0x0000000100000000)
  region size 1024K, 1 young (1024K), 1 survivors (1024K)
 Metaspace       used 113573K, capacity 116920K, committed 119292K, reserved 1153024K
  class space    used 14579K, capacity 15890K, committed 16792K, reserved 1048576K
}
Event: 41.725 GC heap before
{Heap before GC invocations=48 (full 0):
 garbage-first heap   total 444416K, used 385827K [0x0000000080000000, 0x0000000100000000)
  region size 1024K, 177 young (181248K), 1 survivors (1024K)
 Metaspace       used 113586K, capacity 116920K, committed 119292K, reserved 1153024K
  class space    used 14579K, capacity 15890K, committed 16792K, reserved 1048576K
}

